# JRE version: OpenJDK Runtime Environment Temurin-17.0.10+7 (17.0.10+7) (build 17.0.10+7)
# Java VM: OpenJDK 64-Bit Server VM Temurin-17.0.10+7 (17.0.10+7, mixed mode, tiered, compressed oops, compressed class ptrs, parallel gc, windows-amd64)
GC Precious Log:
 CPUs: 8 total, 8 available
 Memory: 7926M
 Large Page Support: Disabled
 NUMA Support: Disabled
 Compressed Oops: Enabled (32-bit)
 Alignments: Space 512K, Generation 512K, Heap 2M
 Heap Min Capacity: 100M
 Heap Initial Capacity: 100M
 Heap Max Capacity: 1G
 Pre-touch: Disabled
 Parallel Workers: 8
Heap:
 PSYoungGen      total 61952K, used 48550K [0x00000000eab00000, 0x00000000f1e80000, 0x0000000100000000)
  eden space 46592K, 100% used [0x00000000eab00000,0x00000000ed880000,0x00000000ed880000)
  from space 15360K, 12% used [0x00000000ed880000,0x00000000eda699d8,0x00000000ee780000)
  to   space 33792K, 63% used [0x00000000efd80000,0x00000000f128cdb8,0x00000000f1e80000)
 ParOldGen       total 354304K, used 280746K [0x00000000c0000000, 0x00000000d5a00000, 0x00000000eab00000)
  object space 354304K, 79% used [0x00000000c0000000,0x00000000d122a940,0x00000000d5a00000)
 Metaspace       used 60744K, committed 61824K, reserved 1114112K
  class space    used 6673K, committed 7168K, reserved 1048576K
GC Heap History (20 events):
Event: 18.985 GC heap after
{Heap after GC invocations=111 (full 8):
 PSYoungGen      total 35840K, used 6056K [0x00000000eab00000, 0x00000000ed980000, 0x0000000100000000)
  eden space 29696K, 0% used [0x00000000eab00000,0x00000000eab00000,0x00000000ec800000)
  from space 6144K, 98% used [0x00000000ed380000,0x00000000ed96a048,0x00000000ed980000)
  to   space 8192K, 0% used [0x00000000ec980000,0x00000000ec980000,0x00000000ed180000)
 ParOldGen       total 223232K, used 210069K [0x00000000c0000000, 0x00000000cda00000, 0x00000000eab00000)
  object space 223232K, 94% used [0x00000000c0000000,0x00000000ccd25600,0x00000000cda00000)
 Metaspace       used 60725K, committed 61696K, reserved 1114112K
  class space    used 6672K, committed 7104K, reserved 1048576K
}
Event: 19.055 GC heap before
{Heap before GC invocations=112 (full 8):
 PSYoungGen      total 35840K, used 35752K [0x00000000eab00000, 0x00000000ed980000, 0x0000000100000000)
  eden space 29696K, 100% used [0x00000000eab00000,0x00000000ec800000,0x00000000ec800000)
  from space 6144K, 98% used [0x00000000ed380000,0x00000000ed96a048,0x00000000ed980000)
  to   space 8192K, 0% used [0x00000000ec980000,0x00000000ec980000,0x00000000ed180000)
 ParOldGen       total 223232K, used 210069K [0x00000000c0000000, 0x00000000cda00000, 0x00000000eab00000)
  object space 223232K, 94% used [0x00000000c0000000,0x00000000ccd25600,0x00000000cda00000)
 Metaspace       used 60725K, committed 61696K, reserved 1114112K
  class space    used 6672K, committed 7104K, reserved 1048576K
}
Event: 19.062 GC heap after
{Heap after GC invocations=112 (full 8):
 PSYoungGen      total 39424K, used 8174K [0x00000000eab00000, 0x00000000ee600000, 0x0000000100000000)
  eden space 31232K, 0% used [0x00000000eab00000,0x00000000eab00000,0x00000000ec980000)
  from space 8192K, 99% used [0x00000000ec980000,0x00000000ed17bb10,0x00000000ed180000)
  to   space 13824K, 0% used [0x00000000ed880000,0x00000000ed880000,0x00000000ee600000)
 ParOldGen       total 223232K, used 214422K [0x00000000c0000000, 0x00000000cda00000, 0x00000000eab00000)
  object space 223232K, 96% used [0x00000000c0000000,0x00000000cd165b50,0x00000000cda00000)
 Metaspace       used 60725K, committed 61696K, reserved 1114112K
  class space    used 6672K, committed 7104K, reserved 1048576K
}
Event: 19.122 GC heap before
{Heap before GC invocations=113 (full 8):
 PSYoungGen      total 39424K, used 39406K [0x00000000eab00000, 0x00000000ee600000, 0x0000000100000000)
  eden space 31232K, 100% used [0x00000000eab00000,0x00000000ec980000,0x00000000ec980000)
  from space 8192K, 99% used [0x00000000ec980000,0x00000000ed17bb10,0x00000000ed180000)
  to   space 13824K, 0% used [0x00000000ed880000,0x00000000ed880000,0x00000000ee600000)
 ParOldGen       total 223232K, used 214422K [0x00000000c0000000, 0x00000000cda00000, 0x00000000eab00000)
  object space 223232K, 96% used [0x00000000c0000000,0x00000000cd165b50,0x00000000cda00000)
 Metaspace       used 60725K, committed 61696K, reserved 1114112K
  class space    used 6672K, committed 7104K, reserved 1048576K
}
Event: 19.129 GC heap after
{Heap after GC invocations=113 (full 8):
 PSYoungGen      total 40448K, used 6117K [0x00000000eab00000, 0x00000000ede80000, 0x0000000100000000)
  eden space 34304K, 0% used [0x00000000eab00000,0x00000000eab00000,0x00000000ecc80000)
  from space 6144K, 99% used [0x00000000ed880000,0x00000000ede79778,0x00000000ede80000)
  to   space 8704K, 0% used [0x00000000ecd80000,0x00000000ecd80000,0x00000000ed600000)
 ParOldGen       total 223232K, used 222418K [0x00000000c0000000, 0x00000000cda00000, 0x00000000eab00000)
  object space 223232K, 99% used [0x00000000c0000000,0x00000000cd934ab0,0x00000000cda00000)
 Metaspace       used 60725K, committed 61696K, reserved 1114112K
  class space    used 6672K, committed 7104K, reserved 1048576K
}
Event: 19.129 GC heap before
{Heap before GC invocations=114 (full 9):
 PSYoungGen      total 40448K, used 6117K [0x00000000eab00000, 0x00000000ede80000, 0x0000000100000000)
  eden space 34304K, 0% used [0x00000000eab00000,0x00000000eab00000,0x00000000ecc80000)
  from space 6144K, 99% used [0x00000000ed880000,0x00000000ede79778,0x00000000ede80000)
  to   space 8704K, 0% used [0x00000000ecd80000,0x00000000ecd80000,0x00000000ed600000)
 ParOldGen       total 223232K, used 222418K [0x00000000c0000000, 0x00000000cda00000, 0x00000000eab00000)
  object space 223232K, 99% used [0x00000000c0000000,0x00000000cd934ab0,0x00000000cda00000)
 Metaspace       used 60725K, committed 61696K, reserved 1114112K
  class space    used 6672K, committed 7104K, reserved 1048576K
}
Event: 19.270 GC heap after
{Heap after GC invocations=114 (full 9):
 PSYoungGen      total 43520K, used 3412K [0x00000000eab00000, 0x00000000ee080000, 0x0000000100000000)
  eden space 37376K, 0% used [0x00000000eab00000,0x00000000eab00000,0x00000000ecf80000)
  from space 6144K, 55% used [0x00000000ed880000,0x00000000edbd53c8,0x00000000ede80000)
  to   space 8704K, 0% used [0x00000000ecf80000,0x00000000ecf80000,0x00000000ed800000)
 ParOldGen       total 280576K, used 222940K [0x00000000c0000000, 0x00000000d1200000, 0x00000000eab00000)
  object space 280576K, 79% used [0x00000000c0000000,0x00000000cd9b7398,0x00000000d1200000)
 Metaspace       used 60725K, committed 61696K, reserved 1114112K
  class space    used 6672K, committed 7104K, reserved 1048576K
}
Event: 19.399 GC heap before
{Heap before GC invocations=115 (full 9):
 PSYoungGen      total 43520K, used 40788K [0x00000000eab00000, 0x00000000ee080000, 0x0000000100000000)
  eden space 37376K, 100% used [0x00000000eab00000,0x00000000ecf80000,0x00000000ecf80000)
  from space 6144K, 55% used [0x00000000ed880000,0x00000000edbd53c8,0x00000000ede80000)
  to   space 8704K, 0% used [0x00000000ecf80000,0x00000000ecf80000,0x00000000ed800000)
 ParOldGen       total 280576K, used 222940K [0x00000000c0000000, 0x00000000d1200000, 0x00000000eab00000)
  object space 280576K, 79% used [0x00000000c0000000,0x00000000cd9b7398,0x00000000d1200000)
 Metaspace       used 60725K, committed 61696K, reserved 1114112K
  class space    used 6672K, committed 7104K, reserved 1048576K
}
Event: 19.414 GC heap after
{Heap after GC invocations=115 (full 9):
 PSYoungGen      total 46080K, used 8678K [0x00000000eab00000, 0x00000000eed80000, 0x0000000100000000)
  eden space 37376K, 0% used [0x00000000eab00000,0x00000000eab00000,0x00000000ecf80000)
  from space 8704K, 99% used [0x00000000ecf80000,0x00000000ed7f9a70,0x00000000ed800000)
  to   space 13824K, 0% used [0x00000000ee000000,0x00000000ee000000,0x00000000eed80000)
 ParOldGen       total 280576K, used 226476K [0x00000000c0000000, 0x00000000d1200000, 0x00000000eab00000)
  object space 280576K, 80% used [0x00000000c0000000,0x00000000cdd2b130,0x00000000d1200000)
 Metaspace       used 60725K, committed 61696K, reserved 1114112K
  class space    used 6672K, committed 7104K, reserved 1048576K
}
Event: 19.509 GC heap before
{Heap before GC invocations=116 (full 9):
 PSYoungGen      total 46080K, used 46054K [0x00000000eab00000, 0x00000000eed80000, 0x0000000100000000)
  eden space 37376K, 100% used [0x00000000eab00000,0x00000000ecf80000,0x00000000ecf80000)
  from space 8704K, 99% used [0x00000000ecf80000,0x00000000ed7f9a70,0x00000000ed800000)
  to   space 13824K, 0% used [0x00000000ee000000,0x00000000ee000000,0x00000000eed80000)
 ParOldGen       total 280576K, used 226476K [0x00000000c0000000, 0x00000000d1200000, 0x00000000eab00000)
  object space 280576K, 80% used [0x00000000c0000000,0x00000000cdd2b130,0x00000000d1200000)
 Metaspace       used 60726K, committed 61696K, reserved 1114112K
  class space    used 6672K, committed 7104K, reserved 1048576K
}
Event: 19.517 GC heap after
{Heap after GC invocations=116 (full 9):
 PSYoungGen      total 49152K, used 8346K [0x00000000eab00000, 0x00000000ee880000, 0x0000000100000000)
  eden space 40448K, 0% used [0x00000000eab00000,0x00000000eab00000,0x00000000ed280000)
  from space 8704K, 95% used [0x00000000ee000000,0x00000000ee826bb0,0x00000000ee880000)
  to   space 10240K, 0% used [0x00000000ed480000,0x00000000ed480000,0x00000000ede80000)
 ParOldGen       total 280576K, used 235064K [0x00000000c0000000, 0x00000000d1200000, 0x00000000eab00000)
  object space 280576K, 83% used [0x00000000c0000000,0x00000000ce58e2a0,0x00000000d1200000)
 Metaspace       used 60726K, committed 61696K, reserved 1114112K
  class space    used 6672K, committed 7104K, reserved 1048576K
}
Event: 19.611 GC heap before
{Heap before GC invocations=117 (full 9):
 PSYoungGen      total 49152K, used 48794K [0x00000000eab00000, 0x00000000ee880000, 0x0000000100000000)
  eden space 40448K, 100% used [0x00000000eab00000,0x00000000ed280000,0x00000000ed280000)
  from space 8704K, 95% used [0x00000000ee000000,0x00000000ee826bb0,0x00000000ee880000)
  to   space 10240K, 0% used [0x00000000ed480000,0x00000000ed480000,0x00000000ede80000)
 ParOldGen       total 280576K, used 235064K [0x00000000c0000000, 0x00000000d1200000, 0x00000000eab00000)
  object space 280576K, 83% used [0x00000000c0000000,0x00000000ce58e2a0,0x00000000d1200000)
 Metaspace       used 60726K, committed 61696K, reserved 1114112K
  class space    used 6672K, committed 7104K, reserved 1048576K
}
Event: 19.619 GC heap after
{Heap after GC invocations=117 (full 9):
 PSYoungGen      total 52736K, used 10212K [0x00000000eab00000, 0x00000000efd80000, 0x0000000100000000)
  eden space 42496K, 0% used [0x00000000eab00000,0x00000000eab00000,0x00000000ed480000)
  from space 10240K, 99% used [0x00000000ed480000,0x00000000ede79100,0x00000000ede80000)
  to   space 20480K, 0% used [0x00000000ee980000,0x00000000ee980000,0x00000000efd80000)
 ParOldGen       total 280576K, used 243257K [0x00000000c0000000, 0x00000000d1200000, 0x00000000eab00000)
  object space 280576K, 86% used [0x00000000c0000000,0x00000000ced8e458,0x00000000d1200000)
 Metaspace       used 60726K, committed 61696K, reserved 1114112K
  class space    used 6672K, committed 7104K, reserved 1048576K
}
Event: 19.680 GC heap before
{Heap before GC invocations=118 (full 9):
 PSYoungGen      total 52736K, used 52708K [0x00000000eab00000, 0x00000000efd80000, 0x0000000100000000)
  eden space 42496K, 100% used [0x00000000eab00000,0x00000000ed480000,0x00000000ed480000)
  from space 10240K, 99% used [0x00000000ed480000,0x00000000ede79100,0x00000000ede80000)
  to   space 20480K, 0% used [0x00000000ee980000,0x00000000ee980000,0x00000000efd80000)
 ParOldGen       total 280576K, used 243257K [0x00000000c0000000, 0x00000000d1200000, 0x00000000eab00000)
  object space 280576K, 86% used [0x00000000c0000000,0x00000000ced8e458,0x00000000d1200000)
 Metaspace       used 60726K, committed 61696K, reserved 1114112K
  class space    used 6672K, committed 7104K, reserved 1048576K
}
Event: 19.693 GC heap after
{Heap after GC invocations=118 (full 9):
 PSYoungGen      total 59392K, used 13114K [0x00000000eab00000, 0x00000000ef680000, 0x0000000100000000)
  eden space 46080K, 0% used [0x00000000eab00000,0x00000000eab00000,0x00000000ed800000)
  from space 13312K, 98% used [0x00000000ee980000,0x00000000ef64e8c8,0x00000000ef680000)
  to   space 15360K, 0% used [0x00000000ed880000,0x00000000ed880000,0x00000000ee780000)
 ParOldGen       total 280576K, used 253382K [0x00000000c0000000, 0x00000000d1200000, 0x00000000eab00000)
  object space 280576K, 90% used [0x00000000c0000000,0x00000000cf771840,0x00000000d1200000)
 Metaspace       used 60726K, committed 61696K, reserved 1114112K
  class space    used 6672K, committed 7104K, reserved 1048576K
}
Event: 19.733 GC heap before
{Heap before GC invocations=119 (full 9):
 PSYoungGen      total 59392K, used 59194K [0x00000000eab00000, 0x00000000ef680000, 0x0000000100000000)
  eden space 46080K, 100% used [0x00000000eab00000,0x00000000ed800000,0x00000000ed800000)
  from space 13312K, 98% used [0x00000000ee980000,0x00000000ef64e8c8,0x00000000ef680000)
  to   space 15360K, 0% used [0x00000000ed880000,0x00000000ed880000,0x00000000ee780000)
 ParOldGen       total 280576K, used 253382K [0x00000000c0000000, 0x00000000d1200000, 0x00000000eab00000)
  object space 280576K, 90% used [0x00000000c0000000,0x00000000cf771840,0x00000000d1200000)
 Metaspace       used 60726K, committed 61696K, reserved 1114112K
  class space    used 6672K, committed 7104K, reserved 1048576K
}
Event: 19.742 GC heap after
{Heap after GC invocations=119 (full 9):
 PSYoungGen      total 61952K, used 15357K [0x00000000eab00000, 0x00000000f1e80000, 0x0000000100000000)
  eden space 46592K, 0% used [0x00000000eab00000,0x00000000eab00000,0x00000000ed880000)
  from space 15360K, 99% used [0x00000000ed880000,0x00000000ee77f6a8,0x00000000ee780000)
  to   space 33792K, 0% used [0x00000000efd80000,0x00000000efd80000,0x00000000f1e80000)
 ParOldGen       total 280576K, used 268405K [0x00000000c0000000, 0x00000000d1200000, 0x00000000eab00000)
  object space 280576K, 95% used [0x00000000c0000000,0x00000000d061d6a8,0x00000000d1200000)
 Metaspace       used 60726K, committed 61696K, reserved 1114112K
  class space    used 6672K, committed 7104K, reserved 1048576K
}
Event: 19.742 GC heap before
{Heap before GC invocations=120 (full 10):
 PSYoungGen      total 61952K, used 15357K [0x00000000eab00000, 0x00000000f1e80000, 0x0000000100000000)
  eden space 46592K, 0% used [0x00000000eab00000,0x00000000eab00000,0x00000000ed880000)
  from space 15360K, 99% used [0x00000000ed880000,0x00000000ee77f6a8,0x00000000ee780000)
  to   space 33792K, 0% used [0x00000000efd80000,0x00000000efd80000,0x00000000f1e80000)
 ParOldGen       total 280576K, used 268405K [0x00000000c0000000, 0x00000000d1200000, 0x00000000eab00000)
  object space 280576K, 95% used [0x00000000c0000000,0x00000000d061d6a8,0x00000000d1200000)
 Metaspace       used 60726K, committed 61696K, reserved 1114112K
  class space    used 6672K, committed 7104K, reserved 1048576K
}
Event: 19.913 GC heap after
{Heap after GC invocations=120 (full 10):
 PSYoungGen      total 61952K, used 1958K [0x00000000eab00000, 0x00000000f1e80000, 0x0000000100000000)
  eden space 46592K, 0% used [0x00000000eab00000,0x00000000eab00000,0x00000000ed880000)
  from space 15360K, 12% used [0x00000000ed880000,0x00000000eda699d8,0x00000000ee780000)
  to   space 33792K, 0% used [0x00000000efd80000,0x00000000efd80000,0x00000000f1e80000)
 ParOldGen       total 354304K, used 280097K [0x00000000c0000000, 0x00000000d5a00000, 0x00000000eab00000)
  object space 354304K, 79% used [0x00000000c0000000,0x00000000d11885f0,0x00000000d5a00000)
 Metaspace       used 60726K, committed 61696K, reserved 1114112K
  class space    used 6672K, committed 7104K, reserved 1048576K
}
Event: 20.358 GC heap before
{Heap before GC invocations=121 (full 10):
 PSYoungGen      total 61952K, used 48550K [0x00000000eab00000, 0x00000000f1e80000, 0x0000000100000000)
  eden space 46592K, 100% used [0x00000000eab00000,0x00000000ed880000,0x00000000ed880000)
  from space 15360K, 12% used [0x00000000ed880000,0x00000000eda699d8,0x00000000ee780000)
  to   space 33792K, 0% used [0x00000000efd80000,0x00000000efd80000,0x00000000f1e80000)
 ParOldGen       total 354304K, used 280097K [0x00000000c0000000, 0x00000000d5a00000, 0x00000000eab00000)
  object space 354304K, 79% used [0x00000000c0000000,0x00000000d11885f0,0x00000000d5a00000)
 Metaspace       used 60744K, committed 61824K, reserved 1114112K
  class space    used 6673K, committed 7168K, reserved 1048576K
}

